--- query 01 (count)
SELECT COUNT(*) FROM data
1000000  

--- query 02 (count, where)
SELECT COUNT(*) FROM data WHERE source = 'A' AND destination = 'D'
11129  

--- query 03 (count, where, in)
SELECT COUNT(*) FROM data WHERE size = 'S' AND source IN ('A','B','C') AND weight >= 1000 AND weight <= 2500 AND isExpress = 'true'
2692  

--- query 04 (count, where, not in)
SELECT COUNT(*) FROM data WHERE size = 'L' AND source NOT IN ('A','B') AND weight >= 1250 AND weight <= 3750 AND isExpress = 'false' AND isValue = 'true'
1385  

--- query 05 (sum, where, in)
SELECT SUM(weight) FROM data WHERE size = 'L' AND source IN ('A','B') AND destination IN ('D','E') AND isValue = 'true'
417574  

--- query 06 (avg, where, not in)
SELECT AVG(weight) FROM data WHERE size IN ('S','M') AND source NOT IN ('G','H') AND isExpress ='false' AND isValue = 'true'
2753  

--- query 07 (id, where, in, order by desc limit)
SELECT id FROM data WHERE size = 'S' AND destination IN ('D','E','F') AND source = 'B' AND weight >= 3500 AND isExpress ='true' AND isValue = 'true' ORDER BY weight DESC LIMIT 3
329541  
1507  

--- query 08 (id, where, in, order by desc, order by asc)
SELECT id FROM data WHERE size = 'M' AND destination = 'C' AND source IN ('G','H','I','J') AND weight <= 1500 AND isExpress ='true' AND isValue = 'true' ORDER BY weight DESC,destination
855266  
165461  
201896  
354929  
943502  
678440  
583418  

--- query 09 (count, group by)
SELECT isExpress,COUNT(*) FROM data GROUP BY isExpress
false 920432  
true 79568  

--- query 10 (count, where, group by)
SELECT size,COUNT(*) FROM data WHERE isExpress = 'true' AND isValue = 'false' GROUP BY size
M 26217  
S 26157  
L 26468  

--- query 11 (count, where, in, group by)
SELECT destination,COUNT(*) FROM data WHERE destination IN ('A','C') AND isValue = 'false' GROUP BY destination
A 98900  
C 98896  

--- query 12 (count, where, not in, group by)
SELECT destination,COUNT(*) FROM data WHERE source NOT IN ('B','C') AND isExpress = 'true' AND isValue = 'true' AND isFragile = 'true' GROUP BY destination
B 2  
J 2  
D 1  
C 3  
I 5  
A 3  
F 2  
H 1  
E 1  

--- query 13 (sum, where, not in, in, group by)
SELECT isValue,SUM(weight) FROM data WHERE source = 'B' AND destination NOT IN ('D','E') AND weight >= 1000 AND weight <= 2750 GROUP BY isValue
false 56313199  
true 512366  

--- query 14 (avg, where, in, in, group by)
SELECT destination,AVG(weight) FROM data WHERE source IN ('A','B') AND destination IN ('C','D') AND weight >= 1250 AND isFragile = 'true' GROUP BY destination
D 3155  
C 3074  

